<?xml version="1.0" encoding="UTF-8"?>
<!-- Generated by org.testng.reporters.JUnitXMLReporter -->
<testsuite ignored="2" hostname="LAPTOP-RPUML9L6" failures="0" tests="1" name="Default test" time="11.454" errors="0" timestamp="2024-11-10T19:45:51 IST">
  <testcase classname="testcases.UserLogin" name="tc05_registerExitingUser" time="2.414"/>
  <testcase classname="testcases.UserLogin" name="tc04_logOut" time="0.0">
    <ignored/>
  </testcase> <!-- tc04_logOut -->
  <testcase classname="testcases.UserLogin" name="tc03_incorrectEmailPassword" time="0.0">
    <ignored/>
  </testcase> <!-- tc03_incorrectEmailPassword -->
</testsuite> <!-- Default test -->
