<?xml version="1.0" encoding="UTF-8"?>
<!-- Generated by org.testng.reporters.JUnitXMLReporter -->
<testsuite ignored="1" hostname="LAPTOP-RPUML9L6" failures="0" tests="1" name="Default test" time="88.903" errors="0" timestamp="2024-11-10T19:09:45 IST">
  <testcase classname="testcases.UserLogin" name="logOut" time="74.622"/>
  <testcase classname="testcases.UserLogin" name="incorrectEmailPassword" time="0.0">
    <ignored/>
  </testcase> <!-- incorrectEmailPassword -->
</testsuite> <!-- Default test -->
