<?xml version="1.0" encoding="UTF-8"?>
<testng-results ignored="0" total="1" passed="1" failed="0" skipped="0">
  <reporter-output>
  </reporter-output>
  <suite started-at="2024-11-10T19:45:40 IST" name="Default suite" finished-at="2024-11-10T19:45:51 IST" duration-ms="11454">
    <groups>
      <group name="signup">
        <method signature="UserLogin.tc05_registerExitingUser()[pri:0, instance:testcases.UserLogin@409bf450]" name="tc05_registerExitingUser" class="testcases.UserLogin"/>
      </group> <!-- signup -->
    </groups>
    <test started-at="2024-11-10T19:45:40 IST" name="Default test" finished-at="2024-11-10T19:45:51 IST" duration-ms="11454">
      <class name="testcases.UserLogin">
        <test-method is-config="true" signature="openDriver()[pri:0, instance:testcases.UserLogin@409bf450]" started-at="2024-11-10T19:45:40 IST" name="openDriver" finished-at="2024-11-10T19:45:49 IST" duration-ms="8977" status="PASS">
          <reporter-output>
          </reporter-output>
        </test-method> <!-- openDriver -->
        <test-method signature="tc05_registerExitingUser()[pri:0, instance:testcases.UserLogin@409bf450]" started-at="2024-11-10T19:45:49 IST" name="tc05_registerExitingUser" finished-at="2024-11-10T19:45:51 IST" duration-ms="2414" status="PASS">
          <reporter-output>
          </reporter-output>
        </test-method> <!-- tc05_registerExitingUser -->
      </class> <!-- testcases.UserLogin -->
    </test> <!-- Default test -->
  </suite> <!-- Default suite -->
</testng-results>
